<?xml version="1.0" encoding="UTF-8"?>
<robot generator="Robot 6.1.1 (Python 3.8.1 on win32)" generated="20231102 16:23:08.259" rpa="false" schemaversion="4">
<suite id="s1" name="Home" source="C:\automationTests\twp\tests\home.robot">
<test id="s1-t1" name="home screen" line="8">
<kw name="Open Application with Appium" library="basic">
<kw name="Open Application" library="AppiumLibrary">
<arg>http://127.0.0.1:4723/wd/hub</arg>
<arg>automationName=UiAutomator2</arg>
<arg>platformName=Android</arg>
<arg>deviceName=Android Emulator</arg>
<arg>app=C:/automationTests/twp/app/twp.apk</arg>
<doc>Opens a new application to given Appium server.
Capabilities of appium server, Android and iOS,
Please check https://github.com/appium/appium/blob/master/docs/en/writing-running-appium/server-args.md
| *Option*            | *Man.* | *Description*     |
| remote_url          | Yes    | Appium server url |
| alias               | no     | alias             |
| strict_ssl          | No     | allows you to send commands to an invalid certificate host like a self-signed one. |</doc>
<status status="PASS" starttime="20231102 16:23:08.480" endtime="20231102 16:23:18.147"/>
</kw>
<status status="PASS" starttime="20231102 16:23:08.480" endtime="20231102 16:23:18.147"/>
</kw>
<kw name="Validate if is right text" library="meta">
<arg>${text_welcome}</arg>
<kw name="Wait Until Page Contains" library="AppiumLibrary">
<arg>${text}</arg>
<arg>5</arg>
<doc>Waits until `text` appears on current page.</doc>
<status status="PASS" starttime="20231102 16:23:18.148" endtime="20231102 16:23:22.781"/>
</kw>
<status status="PASS" starttime="20231102 16:23:18.148" endtime="20231102 16:23:22.781"/>
</kw>
<kw name="Close Application with Appium" library="basic">
<kw name="Close All Applications" library="AppiumLibrary">
<doc>Closes all open applications.</doc>
<status status="PASS" starttime="20231102 16:23:22.783" endtime="20231102 16:23:23.111"/>
</kw>
<status status="PASS" starttime="20231102 16:23:22.783" endtime="20231102 16:23:23.111"/>
</kw>
<status status="PASS" starttime="20231102 16:23:08.479" endtime="20231102 16:23:23.111"/>
</test>
<status status="PASS" starttime="20231102 16:23:08.260" endtime="20231102 16:23:23.114"/>
</suite>
<statistics>
<total>
<stat pass="1" fail="0" skip="0">All Tests</stat>
</total>
<tag>
</tag>
<suite>
<stat pass="1" fail="0" skip="0" id="s1" name="Home">Home</stat>
</suite>
</statistics>
<errors>
</errors>
</robot>
