<?xml version="1.0" encoding="UTF-8"?>
<robot generator="Robot 6.1.1 (Python 3.8.1 on win32)" generated="20231107 15:33:40.965" rpa="false" schemaversion="4">
<suite id="s1" name="Home" source="C:\automationTests\twp\tests\home.robot">
<test id="s1-t1" name="home screen" line="14">
<kw name="Open Session" library="meta" type="SETUP">
<kw name="Open Application with Appium" library="basic">
<kw name="Open Application" library="AppiumLibrary">
<arg>http://127.0.0.1:4723/wd/hub</arg>
<arg>automationName=UiAutomator2</arg>
<arg>platformName=Android</arg>
<arg>deviceName=Android Emulator</arg>
<arg>app=C:/automationTests/twp/app/twp.apk</arg>
<doc>Opens a new application to given Appium server.
Capabilities of appium server, Android and iOS,
Please check https://github.com/appium/appium/blob/master/docs/en/writing-running-appium/server-args.md
| *Option*            | *Man.* | *Description*     |
| remote_url          | Yes    | Appium server url |
| alias               | no     | alias             |
| strict_ssl          | No     | allows you to send commands to an invalid certificate host like a self-signed one. |</doc>
<status status="PASS" starttime="20231107 15:33:41.511" endtime="20231107 15:34:01.528"/>
</kw>
<kw name="Wait Until Page Contains" library="AppiumLibrary">
<arg>${btn_start}</arg>
<arg>5</arg>
<doc>Waits until `text` appears on current page.</doc>
<status status="PASS" starttime="20231107 15:34:01.528" endtime="20231107 15:34:06.004"/>
</kw>
<status status="PASS" starttime="20231107 15:33:41.510" endtime="20231107 15:34:06.004"/>
</kw>
<kw name="Enter in Application" library="meta">
<kw name="Click Text" library="AppiumLibrary">
<arg>${btn_start}</arg>
<doc>Click text identified by ``text``.</doc>
<msg timestamp="20231107 15:34:07.324" level="INFO">xpath criteria: //*[contains(@text,"COMEÇAR")]</msg>
<status status="PASS" starttime="20231107 15:34:06.006" endtime="20231107 15:34:07.324"/>
</kw>
<status status="PASS" starttime="20231107 15:34:06.005" endtime="20231107 15:34:07.324"/>
</kw>
<kw name="Set Appium Timeout" library="AppiumLibrary">
<arg>5</arg>
<doc>Sets the timeout in seconds used by various keywords.</doc>
<status status="PASS" starttime="20231107 15:34:07.325" endtime="20231107 15:34:07.325"/>
</kw>
<status status="PASS" starttime="20231107 15:33:41.510" endtime="20231107 15:34:07.325"/>
</kw>
<kw name="Validate if is right text" library="meta">
<arg>${text_welcome}</arg>
<kw name="Wait Until Page Contains" library="AppiumLibrary">
<arg>${text}</arg>
<doc>Waits until `text` appears on current page.</doc>
<status status="PASS" starttime="20231107 15:34:07.327" endtime="20231107 15:34:07.790"/>
</kw>
<status status="PASS" starttime="20231107 15:34:07.326" endtime="20231107 15:34:07.790"/>
</kw>
<kw name="Close Session" library="meta" type="TEARDOWN">
<kw name="Close Application with Appium" library="basic">
<kw name="Close All Applications" library="AppiumLibrary">
<doc>Closes all open applications.</doc>
<status status="PASS" starttime="20231107 15:34:07.794" endtime="20231107 15:34:08.814"/>
</kw>
<status status="PASS" starttime="20231107 15:34:07.793" endtime="20231107 15:34:08.814"/>
</kw>
<status status="PASS" starttime="20231107 15:34:07.792" endtime="20231107 15:34:08.816"/>
</kw>
<status status="PASS" starttime="20231107 15:33:41.509" endtime="20231107 15:34:08.816"/>
</test>
<test id="s1-t2" name="Navegation Menu page avengers" line="17">
<kw name="Open Session" library="meta" type="SETUP">
<kw name="Open Application with Appium" library="basic">
<kw name="Open Application" library="AppiumLibrary">
<arg>http://127.0.0.1:4723/wd/hub</arg>
<arg>automationName=UiAutomator2</arg>
<arg>platformName=Android</arg>
<arg>deviceName=Android Emulator</arg>
<arg>app=C:/automationTests/twp/app/twp.apk</arg>
<doc>Opens a new application to given Appium server.
Capabilities of appium server, Android and iOS,
Please check https://github.com/appium/appium/blob/master/docs/en/writing-running-appium/server-args.md
| *Option*            | *Man.* | *Description*     |
| remote_url          | Yes    | Appium server url |
| alias               | no     | alias             |
| strict_ssl          | No     | allows you to send commands to an invalid certificate host like a self-signed one. |</doc>
<status status="PASS" starttime="20231107 15:34:08.821" endtime="20231107 15:34:27.425"/>
</kw>
<kw name="Wait Until Page Contains" library="AppiumLibrary">
<arg>${btn_start}</arg>
<arg>5</arg>
<doc>Waits until `text` appears on current page.</doc>
<status status="PASS" starttime="20231107 15:34:27.425" endtime="20231107 15:34:31.677"/>
</kw>
<status status="PASS" starttime="20231107 15:34:08.820" endtime="20231107 15:34:31.677"/>
</kw>
<kw name="Enter in Application" library="meta">
<kw name="Click Text" library="AppiumLibrary">
<arg>${btn_start}</arg>
<doc>Click text identified by ``text``.</doc>
<msg timestamp="20231107 15:34:33.320" level="INFO">xpath criteria: //*[contains(@text,"COMEÇAR")]</msg>
<status status="PASS" starttime="20231107 15:34:31.678" endtime="20231107 15:34:33.320"/>
</kw>
<status status="PASS" starttime="20231107 15:34:31.678" endtime="20231107 15:34:33.320"/>
</kw>
<kw name="Set Appium Timeout" library="AppiumLibrary">
<arg>5</arg>
<doc>Sets the timeout in seconds used by various keywords.</doc>
<status status="PASS" starttime="20231107 15:34:33.321" endtime="20231107 15:34:33.321"/>
</kw>
<status status="PASS" starttime="20231107 15:34:08.819" endtime="20231107 15:34:33.321"/>
</kw>
<kw name="Enter Navegation Menu" library="meta">
<kw name="Wait Until Element Is Visible" library="AppiumLibrary">
<arg>${btn_menu}</arg>
<doc>Waits until element specified with `locator` is visible.</doc>
<msg timestamp="20231107 15:34:34.852" level="INFO">xpath criteria: //android.widget.ImageButton[@content-desc="Open navigation drawer"]
xpath criteria: //android.widget.ImageButton[@content-desc="Open navigation drawer"]</msg>
<status status="PASS" starttime="20231107 15:34:33.322" endtime="20231107 15:34:34.852"/>
</kw>
<kw name="Click Element" library="AppiumLibrary">
<arg>${btn_menu}</arg>
<doc>Click element identified by `locator`.</doc>
<msg timestamp="20231107 15:34:34.857" level="INFO">Clicking element 'xpath=//android.widget.ImageButton[@content-desc="Open navigation drawer"]'.</msg>
<msg timestamp="20231107 15:34:35.144" level="INFO">xpath criteria: //android.widget.ImageButton[@content-desc="Open navigation drawer"]</msg>
<status status="PASS" starttime="20231107 15:34:34.852" endtime="20231107 15:34:35.145"/>
</kw>
<kw name="Wait Until Element Is Visible" library="AppiumLibrary">
<arg>${element_menu}</arg>
<doc>Waits until element specified with `locator` is visible.</doc>
<msg timestamp="20231107 15:34:36.286" level="INFO">criteria is io.qaninja.android.twp:id/navView</msg>
<status status="PASS" starttime="20231107 15:34:35.145" endtime="20231107 15:34:36.286"/>
</kw>
<status status="PASS" starttime="20231107 15:34:33.322" endtime="20231107 15:34:36.286"/>
</kw>
<kw name="Access page via menu" library="meta">
<arg>AVENGERS</arg>
<kw name="Click Text" library="AppiumLibrary">
<arg>${page}</arg>
<doc>Click text identified by ``text``.</doc>
<msg timestamp="20231107 15:34:36.556" level="INFO">xpath criteria: //*[contains(@text,"AVENGERS")]</msg>
<status status="PASS" starttime="20231107 15:34:36.288" endtime="20231107 15:34:36.556"/>
</kw>
<kw name="Wait Until Element Is Visible" library="AppiumLibrary">
<arg>${page_title}</arg>
<doc>Waits until element specified with `locator` is visible.</doc>
<msg timestamp="20231107 15:34:37.571" level="INFO">criteria is io.qaninja.android.twp:id/toolbarTitle</msg>
<status status="PASS" starttime="20231107 15:34:36.557" endtime="20231107 15:34:37.571"/>
</kw>
<kw name="Element Text Should Be" library="AppiumLibrary">
<arg>${page_title}</arg>
<arg>${page}</arg>
<doc>Verifies element identified by ``locator`` exactly contains text ``expected``.</doc>
<msg timestamp="20231107 15:34:37.573" level="INFO">Verifying element 'id=io.qaninja.android.twp:id/toolbarTitle' contains exactly text 'AVENGERS'.</msg>
<msg timestamp="20231107 15:34:37.663" level="INFO">criteria is io.qaninja.android.twp:id/toolbarTitle</msg>
<status status="PASS" starttime="20231107 15:34:37.571" endtime="20231107 15:34:37.663"/>
</kw>
<status status="PASS" starttime="20231107 15:34:36.287" endtime="20231107 15:34:37.663"/>
</kw>
<kw name="Close Session" library="meta" type="TEARDOWN">
<kw name="Close Application with Appium" library="basic">
<kw name="Close All Applications" library="AppiumLibrary">
<doc>Closes all open applications.</doc>
<status status="PASS" starttime="20231107 15:34:37.666" endtime="20231107 15:34:38.629"/>
</kw>
<status status="PASS" starttime="20231107 15:34:37.665" endtime="20231107 15:34:38.630"/>
</kw>
<status status="PASS" starttime="20231107 15:34:37.664" endtime="20231107 15:34:38.630"/>
</kw>
<status status="PASS" starttime="20231107 15:34:08.818" endtime="20231107 15:34:38.630"/>
</test>
<test id="s1-t3" name="Navegation Menu page forms" line="21">
<kw name="Open Session" library="meta" type="SETUP">
<kw name="Open Application with Appium" library="basic">
<kw name="Open Application" library="AppiumLibrary">
<arg>http://127.0.0.1:4723/wd/hub</arg>
<arg>automationName=UiAutomator2</arg>
<arg>platformName=Android</arg>
<arg>deviceName=Android Emulator</arg>
<arg>app=C:/automationTests/twp/app/twp.apk</arg>
<doc>Opens a new application to given Appium server.
Capabilities of appium server, Android and iOS,
Please check https://github.com/appium/appium/blob/master/docs/en/writing-running-appium/server-args.md
| *Option*            | *Man.* | *Description*     |
| remote_url          | Yes    | Appium server url |
| alias               | no     | alias             |
| strict_ssl          | No     | allows you to send commands to an invalid certificate host like a self-signed one. |</doc>
<status status="PASS" starttime="20231107 15:34:38.636" endtime="20231107 15:34:58.961"/>
</kw>
<kw name="Wait Until Page Contains" library="AppiumLibrary">
<arg>${btn_start}</arg>
<arg>5</arg>
<doc>Waits until `text` appears on current page.</doc>
<status status="PASS" starttime="20231107 15:34:58.963" endtime="20231107 15:35:02.727"/>
</kw>
<status status="PASS" starttime="20231107 15:34:38.635" endtime="20231107 15:35:02.729"/>
</kw>
<kw name="Enter in Application" library="meta">
<kw name="Click Text" library="AppiumLibrary">
<arg>${btn_start}</arg>
<doc>Click text identified by ``text``.</doc>
<msg timestamp="20231107 15:35:04.872" level="INFO">xpath criteria: //*[contains(@text,"COMEÇAR")]</msg>
<status status="PASS" starttime="20231107 15:35:02.730" endtime="20231107 15:35:04.873"/>
</kw>
<status status="PASS" starttime="20231107 15:35:02.729" endtime="20231107 15:35:04.874"/>
</kw>
<kw name="Set Appium Timeout" library="AppiumLibrary">
<arg>5</arg>
<doc>Sets the timeout in seconds used by various keywords.</doc>
<status status="PASS" starttime="20231107 15:35:04.875" endtime="20231107 15:35:04.876"/>
</kw>
<status status="PASS" starttime="20231107 15:34:38.634" endtime="20231107 15:35:04.876"/>
</kw>
<kw name="Enter Navegation Menu" library="meta">
<kw name="Wait Until Element Is Visible" library="AppiumLibrary">
<arg>${btn_menu}</arg>
<doc>Waits until element specified with `locator` is visible.</doc>
<msg timestamp="20231107 15:35:06.482" level="INFO">xpath criteria: //android.widget.ImageButton[@content-desc="Open navigation drawer"]</msg>
<status status="PASS" starttime="20231107 15:35:04.880" endtime="20231107 15:35:06.482"/>
</kw>
<kw name="Click Element" library="AppiumLibrary">
<arg>${btn_menu}</arg>
<doc>Click element identified by `locator`.</doc>
<msg timestamp="20231107 15:35:06.488" level="INFO">Clicking element 'xpath=//android.widget.ImageButton[@content-desc="Open navigation drawer"]'.</msg>
<msg timestamp="20231107 15:35:06.767" level="INFO">xpath criteria: //android.widget.ImageButton[@content-desc="Open navigation drawer"]</msg>
<status status="PASS" starttime="20231107 15:35:06.484" endtime="20231107 15:35:06.767"/>
</kw>
<kw name="Wait Until Element Is Visible" library="AppiumLibrary">
<arg>${element_menu}</arg>
<doc>Waits until element specified with `locator` is visible.</doc>
<msg timestamp="20231107 15:35:08.127" level="INFO">criteria is io.qaninja.android.twp:id/navView</msg>
<status status="PASS" starttime="20231107 15:35:06.768" endtime="20231107 15:35:08.129"/>
</kw>
<status status="PASS" starttime="20231107 15:35:04.878" endtime="20231107 15:35:08.129"/>
</kw>
<kw name="Access page via menu" library="meta">
<arg>FORMS</arg>
<kw name="Click Text" library="AppiumLibrary">
<arg>${page}</arg>
<doc>Click text identified by ``text``.</doc>
<msg timestamp="20231107 15:35:08.932" level="INFO">xpath criteria: //*[contains(@text,"FORMS")]</msg>
<status status="PASS" starttime="20231107 15:35:08.131" endtime="20231107 15:35:08.932"/>
</kw>
<kw name="Wait Until Element Is Visible" library="AppiumLibrary">
<arg>${page_title}</arg>
<doc>Waits until element specified with `locator` is visible.</doc>
<msg timestamp="20231107 15:35:09.956" level="INFO">criteria is io.qaninja.android.twp:id/toolbarTitle</msg>
<status status="PASS" starttime="20231107 15:35:08.934" endtime="20231107 15:35:09.957"/>
</kw>
<kw name="Element Text Should Be" library="AppiumLibrary">
<arg>${page_title}</arg>
<arg>${page}</arg>
<doc>Verifies element identified by ``locator`` exactly contains text ``expected``.</doc>
<msg timestamp="20231107 15:35:09.960" level="INFO">Verifying element 'id=io.qaninja.android.twp:id/toolbarTitle' contains exactly text 'FORMS'.</msg>
<msg timestamp="20231107 15:35:10.039" level="INFO">criteria is io.qaninja.android.twp:id/toolbarTitle</msg>
<status status="PASS" starttime="20231107 15:35:09.957" endtime="20231107 15:35:10.039"/>
</kw>
<status status="PASS" starttime="20231107 15:35:08.130" endtime="20231107 15:35:10.039"/>
</kw>
<kw name="Close Session" library="meta" type="TEARDOWN">
<kw name="Close Application with Appium" library="basic">
<kw name="Close All Applications" library="AppiumLibrary">
<doc>Closes all open applications.</doc>
<status status="PASS" starttime="20231107 15:35:10.042" endtime="20231107 15:35:10.749"/>
</kw>
<status status="PASS" starttime="20231107 15:35:10.041" endtime="20231107 15:35:10.749"/>
</kw>
<status status="PASS" starttime="20231107 15:35:10.040" endtime="20231107 15:35:10.749"/>
</kw>
<status status="PASS" starttime="20231107 15:34:38.633" endtime="20231107 15:35:10.750"/>
</test>
<test id="s1-t4" name="Navegation Menu page Dialogs" line="25">
<kw name="Open Session" library="meta" type="SETUP">
<kw name="Open Application with Appium" library="basic">
<kw name="Open Application" library="AppiumLibrary">
<arg>http://127.0.0.1:4723/wd/hub</arg>
<arg>automationName=UiAutomator2</arg>
<arg>platformName=Android</arg>
<arg>deviceName=Android Emulator</arg>
<arg>app=C:/automationTests/twp/app/twp.apk</arg>
<doc>Opens a new application to given Appium server.
Capabilities of appium server, Android and iOS,
Please check https://github.com/appium/appium/blob/master/docs/en/writing-running-appium/server-args.md
| *Option*            | *Man.* | *Description*     |
| remote_url          | Yes    | Appium server url |
| alias               | no     | alias             |
| strict_ssl          | No     | allows you to send commands to an invalid certificate host like a self-signed one. |</doc>
<status status="PASS" starttime="20231107 15:35:10.754" endtime="20231107 15:35:29.805"/>
</kw>
<kw name="Wait Until Page Contains" library="AppiumLibrary">
<arg>${btn_start}</arg>
<arg>5</arg>
<doc>Waits until `text` appears on current page.</doc>
<status status="PASS" starttime="20231107 15:35:29.806" endtime="20231107 15:35:34.223"/>
</kw>
<status status="PASS" starttime="20231107 15:35:10.754" endtime="20231107 15:35:34.223"/>
</kw>
<kw name="Enter in Application" library="meta">
<kw name="Click Text" library="AppiumLibrary">
<arg>${btn_start}</arg>
<doc>Click text identified by ``text``.</doc>
<msg timestamp="20231107 15:35:35.705" level="INFO">xpath criteria: //*[contains(@text,"COMEÇAR")]</msg>
<status status="PASS" starttime="20231107 15:35:34.225" endtime="20231107 15:35:35.708"/>
</kw>
<status status="PASS" starttime="20231107 15:35:34.224" endtime="20231107 15:35:35.708"/>
</kw>
<kw name="Set Appium Timeout" library="AppiumLibrary">
<arg>5</arg>
<doc>Sets the timeout in seconds used by various keywords.</doc>
<status status="PASS" starttime="20231107 15:35:35.709" endtime="20231107 15:35:35.709"/>
</kw>
<status status="PASS" starttime="20231107 15:35:10.752" endtime="20231107 15:35:35.710"/>
</kw>
<kw name="Enter Navegation Menu" library="meta">
<kw name="Wait Until Element Is Visible" library="AppiumLibrary">
<arg>${btn_menu}</arg>
<doc>Waits until element specified with `locator` is visible.</doc>
<msg timestamp="20231107 15:35:37.282" level="INFO">xpath criteria: //android.widget.ImageButton[@content-desc="Open navigation drawer"]
xpath criteria: //android.widget.ImageButton[@content-desc="Open navigation drawer"]</msg>
<status status="PASS" starttime="20231107 15:35:35.712" endtime="20231107 15:35:37.282"/>
</kw>
<kw name="Click Element" library="AppiumLibrary">
<arg>${btn_menu}</arg>
<doc>Click element identified by `locator`.</doc>
<msg timestamp="20231107 15:35:37.286" level="INFO">Clicking element 'xpath=//android.widget.ImageButton[@content-desc="Open navigation drawer"]'.</msg>
<msg timestamp="20231107 15:35:37.483" level="INFO">xpath criteria: //android.widget.ImageButton[@content-desc="Open navigation drawer"]</msg>
<status status="PASS" starttime="20231107 15:35:37.282" endtime="20231107 15:35:37.483"/>
</kw>
<kw name="Wait Until Element Is Visible" library="AppiumLibrary">
<arg>${element_menu}</arg>
<doc>Waits until element specified with `locator` is visible.</doc>
<msg timestamp="20231107 15:35:38.674" level="INFO">criteria is io.qaninja.android.twp:id/navView</msg>
<status status="PASS" starttime="20231107 15:35:37.484" endtime="20231107 15:35:38.674"/>
</kw>
<status status="PASS" starttime="20231107 15:35:35.711" endtime="20231107 15:35:38.674"/>
</kw>
<kw name="Access page via menu" library="meta">
<arg>DIALOGS</arg>
<kw name="Click Text" library="AppiumLibrary">
<arg>${page}</arg>
<doc>Click text identified by ``text``.</doc>
<msg timestamp="20231107 15:35:39.111" level="INFO">xpath criteria: //*[contains(@text,"DIALOGS")]</msg>
<status status="PASS" starttime="20231107 15:35:38.675" endtime="20231107 15:35:39.111"/>
</kw>
<kw name="Wait Until Element Is Visible" library="AppiumLibrary">
<arg>${page_title}</arg>
<doc>Waits until element specified with `locator` is visible.</doc>
<msg timestamp="20231107 15:35:40.144" level="INFO">criteria is io.qaninja.android.twp:id/toolbarTitle</msg>
<status status="PASS" starttime="20231107 15:35:39.112" endtime="20231107 15:35:40.144"/>
</kw>
<kw name="Element Text Should Be" library="AppiumLibrary">
<arg>${page_title}</arg>
<arg>${page}</arg>
<doc>Verifies element identified by ``locator`` exactly contains text ``expected``.</doc>
<msg timestamp="20231107 15:35:40.149" level="INFO">Verifying element 'id=io.qaninja.android.twp:id/toolbarTitle' contains exactly text 'DIALOGS'.</msg>
<msg timestamp="20231107 15:35:40.237" level="INFO">criteria is io.qaninja.android.twp:id/toolbarTitle</msg>
<status status="PASS" starttime="20231107 15:35:40.144" endtime="20231107 15:35:40.238"/>
</kw>
<status status="PASS" starttime="20231107 15:35:38.674" endtime="20231107 15:35:40.238"/>
</kw>
<kw name="Close Session" library="meta" type="TEARDOWN">
<kw name="Close Application with Appium" library="basic">
<kw name="Close All Applications" library="AppiumLibrary">
<doc>Closes all open applications.</doc>
<status status="PASS" starttime="20231107 15:35:40.240" endtime="20231107 15:35:41.181"/>
</kw>
<status status="PASS" starttime="20231107 15:35:40.240" endtime="20231107 15:35:41.182"/>
</kw>
<status status="PASS" starttime="20231107 15:35:40.239" endtime="20231107 15:35:41.182"/>
</kw>
<status status="PASS" starttime="20231107 15:35:10.751" endtime="20231107 15:35:41.182"/>
</test>
<test id="s1-t5" name="Navegation Menu page seekBar" line="29">
<kw name="Open Session" library="meta" type="SETUP">
<kw name="Open Application with Appium" library="basic">
<kw name="Open Application" library="AppiumLibrary">
<arg>http://127.0.0.1:4723/wd/hub</arg>
<arg>automationName=UiAutomator2</arg>
<arg>platformName=Android</arg>
<arg>deviceName=Android Emulator</arg>
<arg>app=C:/automationTests/twp/app/twp.apk</arg>
<doc>Opens a new application to given Appium server.
Capabilities of appium server, Android and iOS,
Please check https://github.com/appium/appium/blob/master/docs/en/writing-running-appium/server-args.md
| *Option*            | *Man.* | *Description*     |
| remote_url          | Yes    | Appium server url |
| alias               | no     | alias             |
| strict_ssl          | No     | allows you to send commands to an invalid certificate host like a self-signed one. |</doc>
<status status="PASS" starttime="20231107 15:35:41.189" endtime="20231107 15:36:00.491"/>
</kw>
<kw name="Wait Until Page Contains" library="AppiumLibrary">
<arg>${btn_start}</arg>
<arg>5</arg>
<doc>Waits until `text` appears on current page.</doc>
<status status="PASS" starttime="20231107 15:36:00.491" endtime="20231107 15:36:05.812"/>
</kw>
<status status="PASS" starttime="20231107 15:35:41.188" endtime="20231107 15:36:05.812"/>
</kw>
<kw name="Enter in Application" library="meta">
<kw name="Click Text" library="AppiumLibrary">
<arg>${btn_start}</arg>
<doc>Click text identified by ``text``.</doc>
<msg timestamp="20231107 15:36:07.164" level="INFO">xpath criteria: //*[contains(@text,"COMEÇAR")]</msg>
<status status="PASS" starttime="20231107 15:36:05.814" endtime="20231107 15:36:07.164"/>
</kw>
<status status="PASS" starttime="20231107 15:36:05.812" endtime="20231107 15:36:07.164"/>
</kw>
<kw name="Set Appium Timeout" library="AppiumLibrary">
<arg>5</arg>
<doc>Sets the timeout in seconds used by various keywords.</doc>
<status status="PASS" starttime="20231107 15:36:07.165" endtime="20231107 15:36:07.165"/>
</kw>
<status status="PASS" starttime="20231107 15:35:41.187" endtime="20231107 15:36:07.165"/>
</kw>
<kw name="Enter Navegation Menu" library="meta">
<kw name="Wait Until Element Is Visible" library="AppiumLibrary">
<arg>${btn_menu}</arg>
<doc>Waits until element specified with `locator` is visible.</doc>
<msg timestamp="20231107 15:36:08.614" level="INFO">xpath criteria: //android.widget.ImageButton[@content-desc="Open navigation drawer"]
xpath criteria: //android.widget.ImageButton[@content-desc="Open navigation drawer"]</msg>
<status status="PASS" starttime="20231107 15:36:07.167" endtime="20231107 15:36:08.614"/>
</kw>
<kw name="Click Element" library="AppiumLibrary">
<arg>${btn_menu}</arg>
<doc>Click element identified by `locator`.</doc>
<msg timestamp="20231107 15:36:08.619" level="INFO">Clicking element 'xpath=//android.widget.ImageButton[@content-desc="Open navigation drawer"]'.</msg>
<msg timestamp="20231107 15:36:08.840" level="INFO">xpath criteria: //android.widget.ImageButton[@content-desc="Open navigation drawer"]</msg>
<status status="PASS" starttime="20231107 15:36:08.615" endtime="20231107 15:36:08.840"/>
</kw>
<kw name="Wait Until Element Is Visible" library="AppiumLibrary">
<arg>${element_menu}</arg>
<doc>Waits until element specified with `locator` is visible.</doc>
<msg timestamp="20231107 15:36:10.002" level="INFO">criteria is io.qaninja.android.twp:id/navView</msg>
<status status="PASS" starttime="20231107 15:36:08.841" endtime="20231107 15:36:10.002"/>
</kw>
<status status="PASS" starttime="20231107 15:36:07.167" endtime="20231107 15:36:10.003"/>
</kw>
<kw name="Access page via menu" library="meta">
<arg>SEEK BAR</arg>
<kw name="Click Text" library="AppiumLibrary">
<arg>${page}</arg>
<doc>Click text identified by ``text``.</doc>
<msg timestamp="20231107 15:36:10.343" level="INFO">xpath criteria: //*[contains(@text,"SEEK BAR")]</msg>
<status status="PASS" starttime="20231107 15:36:10.004" endtime="20231107 15:36:10.343"/>
</kw>
<kw name="Wait Until Element Is Visible" library="AppiumLibrary">
<arg>${page_title}</arg>
<doc>Waits until element specified with `locator` is visible.</doc>
<msg timestamp="20231107 15:36:11.328" level="INFO">criteria is io.qaninja.android.twp:id/toolbarTitle</msg>
<status status="PASS" starttime="20231107 15:36:10.343" endtime="20231107 15:36:11.328"/>
</kw>
<kw name="Element Text Should Be" library="AppiumLibrary">
<arg>${page_title}</arg>
<arg>${page}</arg>
<doc>Verifies element identified by ``locator`` exactly contains text ``expected``.</doc>
<msg timestamp="20231107 15:36:11.331" level="INFO">Verifying element 'id=io.qaninja.android.twp:id/toolbarTitle' contains exactly text 'SEEK BAR'.</msg>
<msg timestamp="20231107 15:36:11.416" level="INFO">criteria is io.qaninja.android.twp:id/toolbarTitle</msg>
<status status="PASS" starttime="20231107 15:36:11.329" endtime="20231107 15:36:11.416"/>
</kw>
<status status="PASS" starttime="20231107 15:36:10.003" endtime="20231107 15:36:11.416"/>
</kw>
<kw name="Close Session" library="meta" type="TEARDOWN">
<kw name="Close Application with Appium" library="basic">
<kw name="Close All Applications" library="AppiumLibrary">
<doc>Closes all open applications.</doc>
<status status="PASS" starttime="20231107 15:36:11.419" endtime="20231107 15:36:12.290"/>
</kw>
<status status="PASS" starttime="20231107 15:36:11.418" endtime="20231107 15:36:12.291"/>
</kw>
<status status="PASS" starttime="20231107 15:36:11.417" endtime="20231107 15:36:12.291"/>
</kw>
<status status="PASS" starttime="20231107 15:35:41.185" endtime="20231107 15:36:12.293"/>
</test>
<test id="s1-t6" name="Navegation Menu page inputs" line="33">
<kw name="Open Session" library="meta" type="SETUP">
<kw name="Open Application with Appium" library="basic">
<kw name="Open Application" library="AppiumLibrary">
<arg>http://127.0.0.1:4723/wd/hub</arg>
<arg>automationName=UiAutomator2</arg>
<arg>platformName=Android</arg>
<arg>deviceName=Android Emulator</arg>
<arg>app=C:/automationTests/twp/app/twp.apk</arg>
<doc>Opens a new application to given Appium server.
Capabilities of appium server, Android and iOS,
Please check https://github.com/appium/appium/blob/master/docs/en/writing-running-appium/server-args.md
| *Option*            | *Man.* | *Description*     |
| remote_url          | Yes    | Appium server url |
| alias               | no     | alias             |
| strict_ssl          | No     | allows you to send commands to an invalid certificate host like a self-signed one. |</doc>
<status status="PASS" starttime="20231107 15:36:12.299" endtime="20231107 15:36:35.276"/>
</kw>
<kw name="Wait Until Page Contains" library="AppiumLibrary">
<arg>${btn_start}</arg>
<arg>5</arg>
<doc>Waits until `text` appears on current page.</doc>
<status status="PASS" starttime="20231107 15:36:35.278" endtime="20231107 15:36:39.172"/>
</kw>
<status status="PASS" starttime="20231107 15:36:12.297" endtime="20231107 15:36:39.174"/>
</kw>
<kw name="Enter in Application" library="meta">
<kw name="Click Text" library="AppiumLibrary">
<arg>${btn_start}</arg>
<doc>Click text identified by ``text``.</doc>
<msg timestamp="20231107 15:36:40.923" level="INFO">xpath criteria: //*[contains(@text,"COMEÇAR")]</msg>
<status status="PASS" starttime="20231107 15:36:39.176" endtime="20231107 15:36:40.924"/>
</kw>
<status status="PASS" starttime="20231107 15:36:39.175" endtime="20231107 15:36:40.924"/>
</kw>
<kw name="Set Appium Timeout" library="AppiumLibrary">
<arg>5</arg>
<doc>Sets the timeout in seconds used by various keywords.</doc>
<status status="PASS" starttime="20231107 15:36:40.925" endtime="20231107 15:36:40.926"/>
</kw>
<status status="PASS" starttime="20231107 15:36:12.296" endtime="20231107 15:36:40.926"/>
</kw>
<kw name="Enter Navegation Menu" library="meta">
<kw name="Wait Until Element Is Visible" library="AppiumLibrary">
<arg>${btn_menu}</arg>
<doc>Waits until element specified with `locator` is visible.</doc>
<msg timestamp="20231107 15:36:42.485" level="INFO">xpath criteria: //android.widget.ImageButton[@content-desc="Open navigation drawer"]</msg>
<status status="PASS" starttime="20231107 15:36:40.928" endtime="20231107 15:36:42.485"/>
</kw>
<kw name="Click Element" library="AppiumLibrary">
<arg>${btn_menu}</arg>
<doc>Click element identified by `locator`.</doc>
<msg timestamp="20231107 15:36:42.490" level="INFO">Clicking element 'xpath=//android.widget.ImageButton[@content-desc="Open navigation drawer"]'.</msg>
<msg timestamp="20231107 15:36:42.730" level="INFO">xpath criteria: //android.widget.ImageButton[@content-desc="Open navigation drawer"]</msg>
<status status="PASS" starttime="20231107 15:36:42.485" endtime="20231107 15:36:42.731"/>
</kw>
<kw name="Wait Until Element Is Visible" library="AppiumLibrary">
<arg>${element_menu}</arg>
<doc>Waits until element specified with `locator` is visible.</doc>
<msg timestamp="20231107 15:36:43.928" level="INFO">criteria is io.qaninja.android.twp:id/navView</msg>
<status status="PASS" starttime="20231107 15:36:42.731" endtime="20231107 15:36:43.928"/>
</kw>
<status status="PASS" starttime="20231107 15:36:40.927" endtime="20231107 15:36:43.929"/>
</kw>
<kw name="Access page via menu" library="meta">
<arg>INPUTS</arg>
<kw name="Click Text" library="AppiumLibrary">
<arg>${page}</arg>
<doc>Click text identified by ``text``.</doc>
<msg timestamp="20231107 15:36:44.304" level="INFO">xpath criteria: //*[contains(@text,"INPUTS")]</msg>
<status status="PASS" starttime="20231107 15:36:43.930" endtime="20231107 15:36:44.304"/>
</kw>
<kw name="Wait Until Element Is Visible" library="AppiumLibrary">
<arg>${page_title}</arg>
<doc>Waits until element specified with `locator` is visible.</doc>
<msg timestamp="20231107 15:36:45.364" level="INFO">criteria is io.qaninja.android.twp:id/toolbarTitle</msg>
<status status="PASS" starttime="20231107 15:36:44.304" endtime="20231107 15:36:45.364"/>
</kw>
<kw name="Element Text Should Be" library="AppiumLibrary">
<arg>${page_title}</arg>
<arg>${page}</arg>
<doc>Verifies element identified by ``locator`` exactly contains text ``expected``.</doc>
<msg timestamp="20231107 15:36:45.368" level="INFO">Verifying element 'id=io.qaninja.android.twp:id/toolbarTitle' contains exactly text 'INPUTS'.</msg>
<msg timestamp="20231107 15:36:45.440" level="INFO">criteria is io.qaninja.android.twp:id/toolbarTitle</msg>
<status status="PASS" starttime="20231107 15:36:45.365" endtime="20231107 15:36:45.440"/>
</kw>
<status status="PASS" starttime="20231107 15:36:43.929" endtime="20231107 15:36:45.440"/>
</kw>
<kw name="Close Session" library="meta" type="TEARDOWN">
<kw name="Close Application with Appium" library="basic">
<kw name="Close All Applications" library="AppiumLibrary">
<doc>Closes all open applications.</doc>
<status status="PASS" starttime="20231107 15:36:45.443" endtime="20231107 15:36:46.346"/>
</kw>
<status status="PASS" starttime="20231107 15:36:45.442" endtime="20231107 15:36:46.348"/>
</kw>
<status status="PASS" starttime="20231107 15:36:45.441" endtime="20231107 15:36:46.348"/>
</kw>
<status status="PASS" starttime="20231107 15:36:12.295" endtime="20231107 15:36:46.348"/>
</test>
<test id="s1-t7" name="Navegation Menu page botoes" line="37">
<kw name="Open Session" library="meta" type="SETUP">
<kw name="Open Application with Appium" library="basic">
<kw name="Open Application" library="AppiumLibrary">
<arg>http://127.0.0.1:4723/wd/hub</arg>
<arg>automationName=UiAutomator2</arg>
<arg>platformName=Android</arg>
<arg>deviceName=Android Emulator</arg>
<arg>app=C:/automationTests/twp/app/twp.apk</arg>
<doc>Opens a new application to given Appium server.
Capabilities of appium server, Android and iOS,
Please check https://github.com/appium/appium/blob/master/docs/en/writing-running-appium/server-args.md
| *Option*            | *Man.* | *Description*     |
| remote_url          | Yes    | Appium server url |
| alias               | no     | alias             |
| strict_ssl          | No     | allows you to send commands to an invalid certificate host like a self-signed one. |</doc>
<status status="PASS" starttime="20231107 15:36:46.354" endtime="20231107 15:37:06.019"/>
</kw>
<kw name="Wait Until Page Contains" library="AppiumLibrary">
<arg>${btn_start}</arg>
<arg>5</arg>
<doc>Waits until `text` appears on current page.</doc>
<status status="PASS" starttime="20231107 15:37:06.020" endtime="20231107 15:37:10.070"/>
</kw>
<status status="PASS" starttime="20231107 15:36:46.352" endtime="20231107 15:37:10.070"/>
</kw>
<kw name="Enter in Application" library="meta">
<kw name="Click Text" library="AppiumLibrary">
<arg>${btn_start}</arg>
<doc>Click text identified by ``text``.</doc>
<msg timestamp="20231107 15:37:11.711" level="INFO">xpath criteria: //*[contains(@text,"COMEÇAR")]</msg>
<status status="PASS" starttime="20231107 15:37:10.072" endtime="20231107 15:37:11.712"/>
</kw>
<status status="PASS" starttime="20231107 15:37:10.071" endtime="20231107 15:37:11.712"/>
</kw>
<kw name="Set Appium Timeout" library="AppiumLibrary">
<arg>5</arg>
<doc>Sets the timeout in seconds used by various keywords.</doc>
<status status="PASS" starttime="20231107 15:37:11.712" endtime="20231107 15:37:11.714"/>
</kw>
<status status="PASS" starttime="20231107 15:36:46.352" endtime="20231107 15:37:11.714"/>
</kw>
<kw name="Enter Navegation Menu" library="meta">
<kw name="Wait Until Element Is Visible" library="AppiumLibrary">
<arg>${btn_menu}</arg>
<doc>Waits until element specified with `locator` is visible.</doc>
<msg timestamp="20231107 15:37:13.326" level="INFO">xpath criteria: //android.widget.ImageButton[@content-desc="Open navigation drawer"]
xpath criteria: //android.widget.ImageButton[@content-desc="Open navigation drawer"]</msg>
<status status="PASS" starttime="20231107 15:37:11.715" endtime="20231107 15:37:13.326"/>
</kw>
<kw name="Click Element" library="AppiumLibrary">
<arg>${btn_menu}</arg>
<doc>Click element identified by `locator`.</doc>
<msg timestamp="20231107 15:37:13.331" level="INFO">Clicking element 'xpath=//android.widget.ImageButton[@content-desc="Open navigation drawer"]'.</msg>
<msg timestamp="20231107 15:37:13.580" level="INFO">xpath criteria: //android.widget.ImageButton[@content-desc="Open navigation drawer"]</msg>
<status status="PASS" starttime="20231107 15:37:13.327" endtime="20231107 15:37:13.580"/>
</kw>
<kw name="Wait Until Element Is Visible" library="AppiumLibrary">
<arg>${element_menu}</arg>
<doc>Waits until element specified with `locator` is visible.</doc>
<msg timestamp="20231107 15:37:14.974" level="INFO">criteria is io.qaninja.android.twp:id/navView</msg>
<status status="PASS" starttime="20231107 15:37:13.580" endtime="20231107 15:37:14.974"/>
</kw>
<status status="PASS" starttime="20231107 15:37:11.714" endtime="20231107 15:37:14.974"/>
</kw>
<kw name="Access page via menu" library="meta">
<arg>BOTÕES</arg>
<kw name="Click Text" library="AppiumLibrary">
<arg>${page}</arg>
<doc>Click text identified by ``text``.</doc>
<msg timestamp="20231107 15:37:15.293" level="INFO">xpath criteria: //*[contains(@text,"BOTÕES")]</msg>
<status status="PASS" starttime="20231107 15:37:14.975" endtime="20231107 15:37:15.293"/>
</kw>
<kw name="Wait Until Element Is Visible" library="AppiumLibrary">
<arg>${page_title}</arg>
<doc>Waits until element specified with `locator` is visible.</doc>
<msg timestamp="20231107 15:37:16.302" level="INFO">criteria is io.qaninja.android.twp:id/toolbarTitle</msg>
<status status="PASS" starttime="20231107 15:37:15.293" endtime="20231107 15:37:16.302"/>
</kw>
<kw name="Element Text Should Be" library="AppiumLibrary">
<arg>${page_title}</arg>
<arg>${page}</arg>
<doc>Verifies element identified by ``locator`` exactly contains text ``expected``.</doc>
<msg timestamp="20231107 15:37:16.307" level="INFO">Verifying element 'id=io.qaninja.android.twp:id/toolbarTitle' contains exactly text 'BOTÕES'.</msg>
<msg timestamp="20231107 15:37:16.447" level="INFO">criteria is io.qaninja.android.twp:id/toolbarTitle</msg>
<status status="PASS" starttime="20231107 15:37:16.302" endtime="20231107 15:37:16.448"/>
</kw>
<status status="PASS" starttime="20231107 15:37:14.974" endtime="20231107 15:37:16.448"/>
</kw>
<kw name="Close Session" library="meta" type="TEARDOWN">
<kw name="Close Application with Appium" library="basic">
<kw name="Close All Applications" library="AppiumLibrary">
<doc>Closes all open applications.</doc>
<status status="PASS" starttime="20231107 15:37:16.450" endtime="20231107 15:37:17.399"/>
</kw>
<status status="PASS" starttime="20231107 15:37:16.449" endtime="20231107 15:37:17.399"/>
</kw>
<status status="PASS" starttime="20231107 15:37:16.449" endtime="20231107 15:37:17.400"/>
</kw>
<status status="PASS" starttime="20231107 15:36:46.351" endtime="20231107 15:37:17.401"/>
</test>
<status status="PASS" starttime="20231107 15:33:40.969" endtime="20231107 15:37:17.421"/>
</suite>
<statistics>
<total>
<stat pass="7" fail="0" skip="0">All Tests</stat>
</total>
<tag>
</tag>
<suite>
<stat pass="7" fail="0" skip="0" id="s1" name="Home">Home</stat>
</suite>
</statistics>
<errors>
</errors>
</robot>
