<?xml version="1.0" encoding="UTF-8"?>
<robot generator="Robot 6.1.1 (Python 3.8.1 on win32)" generated="20231113 14:04:06.596" rpa="false" schemaversion="4">
<suite id="s1" name="ButtonsPage" source="C:\automationTests\twp\tests\ButtonsPage.robot">
<test id="s1-t1" name="Selected Long Button" line="22">
<kw name="Open Session" library="basic" type="SETUP">
<kw name="Open Application with Appium" library="basic">
<kw name="Open Application" library="AppiumLibrary">
<arg>http://127.0.0.1:4723/wd/hub</arg>
<arg>automationName=UiAutomator2</arg>
<arg>platformName=Android</arg>
<arg>deviceName=Android Emulator</arg>
<arg>app=C:/automationTests/twp/app/twp.apk</arg>
<doc>Opens a new application to given Appium server.
Capabilities of appium server, Android and iOS,
Please check https://github.com/appium/appium/blob/master/docs/en/writing-running-appium/server-args.md
| *Option*            | *Man.* | *Description*     |
| remote_url          | Yes    | Appium server url |
| alias               | no     | alias             |
| strict_ssl          | No     | allows you to send commands to an invalid certificate host like a self-signed one. |</doc>
<status status="PASS" starttime="20231113 14:04:06.856" endtime="20231113 14:04:15.329"/>
</kw>
<kw name="Wait Until Page Contains" library="AppiumLibrary">
<arg>${btn_start}</arg>
<arg>5</arg>
<doc>Waits until `text` appears on current page.</doc>
<status status="PASS" starttime="20231113 14:04:15.329" endtime="20231113 14:04:19.621"/>
</kw>
<status status="PASS" starttime="20231113 14:04:06.856" endtime="20231113 14:04:19.621"/>
</kw>
<kw name="Enter in Application" library="basic">
<kw name="Click Text" library="AppiumLibrary">
<arg>${btn_start}</arg>
<doc>Click text identified by ``text``.</doc>
<msg timestamp="20231113 14:04:20.105" level="INFO">xpath criteria: //*[contains(@text,"COMEÇAR")]</msg>
<status status="PASS" starttime="20231113 14:04:19.622" endtime="20231113 14:04:20.105"/>
</kw>
<status status="PASS" starttime="20231113 14:04:19.622" endtime="20231113 14:04:20.105"/>
</kw>
<kw name="Set Appium Timeout" library="AppiumLibrary">
<arg>10</arg>
<doc>Sets the timeout in seconds used by various keywords.</doc>
<status status="PASS" starttime="20231113 14:04:20.106" endtime="20231113 14:04:20.106"/>
</kw>
<status status="PASS" starttime="20231113 14:04:06.856" endtime="20231113 14:04:20.106"/>
</kw>
<kw name="Open ButtonsPage" library="meta">
<kw name="Enter Navegation Menu" library="meta">
<kw name="Wait Until Element Is Visible" library="AppiumLibrary">
<arg>${btn_menu}</arg>
<doc>Waits until element specified with `locator` is visible.</doc>
<msg timestamp="20231113 14:04:21.310" level="INFO">xpath criteria: //android.widget.ImageButton[@content-desc="Open navigation drawer"]
xpath criteria: //android.widget.ImageButton[@content-desc="Open navigation drawer"]</msg>
<status status="PASS" starttime="20231113 14:04:20.107" endtime="20231113 14:04:21.310"/>
</kw>
<kw name="Click Element" library="AppiumLibrary">
<arg>${btn_menu}</arg>
<doc>Click element identified by `locator`.</doc>
<msg timestamp="20231113 14:04:21.312" level="INFO">Clicking element 'xpath=//android.widget.ImageButton[@content-desc="Open navigation drawer"]'.</msg>
<msg timestamp="20231113 14:04:21.369" level="INFO">xpath criteria: //android.widget.ImageButton[@content-desc="Open navigation drawer"]</msg>
<status status="PASS" starttime="20231113 14:04:21.311" endtime="20231113 14:04:21.369"/>
</kw>
<kw name="Wait Until Element Is Visible" library="AppiumLibrary">
<arg>${element_menu}</arg>
<doc>Waits until element specified with `locator` is visible.</doc>
<msg timestamp="20231113 14:04:22.363" level="INFO">criteria is io.qaninja.android.twp:id/navView
criteria is io.qaninja.android.twp:id/navView</msg>
<status status="PASS" starttime="20231113 14:04:21.370" endtime="20231113 14:04:22.363"/>
</kw>
<status status="PASS" starttime="20231113 14:04:20.107" endtime="20231113 14:04:22.364"/>
</kw>
<kw name="Access the page using the menu" library="meta">
<arg>BOTÕES</arg>
<kw name="Click Text" library="AppiumLibrary">
<arg>${page}</arg>
<doc>Click text identified by ``text``.</doc>
<msg timestamp="20231113 14:04:22.477" level="INFO">xpath criteria: //*[contains(@text,"BOTÕES")]</msg>
<status status="PASS" starttime="20231113 14:04:22.364" endtime="20231113 14:04:22.477"/>
</kw>
<kw name="Wait Until Element Is Visible" library="AppiumLibrary">
<arg>${page_title}</arg>
<doc>Waits until element specified with `locator` is visible.</doc>
<msg timestamp="20231113 14:04:23.432" level="INFO">criteria is io.qaninja.android.twp:id/toolbarTitle</msg>
<status status="PASS" starttime="20231113 14:04:22.477" endtime="20231113 14:04:23.432"/>
</kw>
<kw name="Element Text Should Be" library="AppiumLibrary">
<arg>${page_title}</arg>
<arg>${page}</arg>
<doc>Verifies element identified by ``locator`` exactly contains text ``expected``.</doc>
<msg timestamp="20231113 14:04:23.433" level="INFO">Verifying element 'id=io.qaninja.android.twp:id/toolbarTitle' contains exactly text 'BOTÕES'.</msg>
<msg timestamp="20231113 14:04:23.463" level="INFO">criteria is io.qaninja.android.twp:id/toolbarTitle</msg>
<status status="PASS" starttime="20231113 14:04:23.432" endtime="20231113 14:04:23.463"/>
</kw>
<status status="PASS" starttime="20231113 14:04:22.364" endtime="20231113 14:04:23.463"/>
</kw>
<kw name="Validate if is right page" library="meta">
<arg>BOTÕES</arg>
<kw name="Wait Until Page Contains" library="AppiumLibrary">
<arg>${text}</arg>
<doc>Waits until `text` appears on current page.</doc>
<status status="PASS" starttime="20231113 14:04:23.463" endtime="20231113 14:04:23.504"/>
</kw>
<status status="PASS" starttime="20231113 14:04:23.463" endtime="20231113 14:04:23.504"/>
</kw>
<status status="PASS" starttime="20231113 14:04:20.106" endtime="20231113 14:04:23.504"/>
</kw>
<kw name="Open LongButtons" library="meta">
<kw name="Click Text" library="AppiumLibrary">
<arg>${menu_btnLong}</arg>
<doc>Click text identified by ``text``.</doc>
<msg timestamp="20231113 14:04:23.581" level="INFO">xpath criteria: //*[contains(@text,"CLIQUE LONGO")]</msg>
<status status="PASS" starttime="20231113 14:04:23.505" endtime="20231113 14:04:23.581"/>
</kw>
<kw name="Validate if is right page" library="meta">
<arg>${title_btnLong}</arg>
<kw name="Wait Until Page Contains" library="AppiumLibrary">
<arg>${text}</arg>
<doc>Waits until `text` appears on current page.</doc>
<status status="PASS" starttime="20231113 14:04:23.582" endtime="20231113 14:04:24.403"/>
</kw>
<status status="PASS" starttime="20231113 14:04:23.581" endtime="20231113 14:04:24.403"/>
</kw>
<status status="PASS" starttime="20231113 14:04:23.504" endtime="20231113 14:04:24.403"/>
</kw>
<kw name="Click LongButtons" library="meta">
<kw name="Validate if is right page" library="meta">
<arg>${btn_btnClique}</arg>
<kw name="Wait Until Page Contains" library="AppiumLibrary">
<arg>${text}</arg>
<doc>Waits until `text` appears on current page.</doc>
<status status="PASS" starttime="20231113 14:04:24.403" endtime="20231113 14:04:24.448"/>
</kw>
<status status="PASS" starttime="20231113 14:04:24.403" endtime="20231113 14:04:24.448"/>
</kw>
<kw name="Long Press" library="AppiumLibrary">
<arg>${btn_btnLong}</arg>
<arg>1000</arg>
<doc>*DEPRECATED!!* Since selenium v4, use other keywords.</doc>
<msg timestamp="20231113 14:04:24.448" level="WARN">Keyword 'AppiumLibrary.Long Press' is deprecated. Since selenium v4, use other keywords.</msg>
<msg timestamp="20231113 14:04:27.042" level="INFO">criteria is io.qaninja.android.twp:id/long_click</msg>
<status status="PASS" starttime="20231113 14:04:24.448" endtime="20231113 14:04:27.042"/>
</kw>
<kw name="Wait Until Page Contains" library="AppiumLibrary">
<arg>${btn_success_btnLong}</arg>
<doc>Waits until `text` appears on current page.</doc>
<status status="PASS" starttime="20231113 14:04:27.043" endtime="20231113 14:04:27.070"/>
</kw>
<status status="PASS" starttime="20231113 14:04:24.403" endtime="20231113 14:04:27.070"/>
</kw>
<kw name="Validate Button is press" library="meta">
<arg>${btn_success_btnLong}</arg>
<kw name="Validate Message" library="basic">
<arg>${txt}</arg>
<kw name="Wait Until Page Contains" library="AppiumLibrary">
<arg>${txt}</arg>
<doc>Waits until `text` appears on current page.</doc>
<status status="PASS" starttime="20231113 14:04:27.071" endtime="20231113 14:04:27.093"/>
</kw>
<status status="PASS" starttime="20231113 14:04:27.071" endtime="20231113 14:04:27.093"/>
</kw>
<status status="PASS" starttime="20231113 14:04:27.070" endtime="20231113 14:04:27.093"/>
</kw>
<kw name="Close Session" library="basic" type="TEARDOWN">
<kw name="Close Application with Appium" library="basic">
<kw name="Close All Applications" library="AppiumLibrary">
<doc>Closes all open applications.</doc>
<status status="PASS" starttime="20231113 14:04:27.095" endtime="20231113 14:04:27.401"/>
</kw>
<status status="PASS" starttime="20231113 14:04:27.095" endtime="20231113 14:04:27.401"/>
</kw>
<status status="PASS" starttime="20231113 14:04:27.095" endtime="20231113 14:04:27.403"/>
</kw>
<tag>LongButton</tag>
<status status="PASS" starttime="20231113 14:04:06.856" endtime="20231113 14:04:27.403"/>
</test>
<status status="PASS" starttime="20231113 14:04:06.598" endtime="20231113 14:04:27.404"/>
</suite>
<statistics>
<total>
<stat pass="1" fail="0" skip="0">All Tests</stat>
</total>
<tag>
<stat pass="1" fail="0" skip="0">LongButton</stat>
</tag>
<suite>
<stat pass="1" fail="0" skip="0" id="s1" name="ButtonsPage">ButtonsPage</stat>
</suite>
</statistics>
<errors>
<msg timestamp="20231113 14:04:24.448" level="WARN">Keyword 'AppiumLibrary.Long Press' is deprecated. Since selenium v4, use other keywords.</msg>
</errors>
</robot>
